Arguments: 
  C:\Program Files\nodejs\node.exe C:\Users\Administrator\AppData\Roaming\npm\node_modules\yarn\bin\yarn.js add subtitle-parser: ^2.0.3,

PATH: 
  C:\Program Files (x86)\Common Files\Intel\Shared Libraries\redist\intel64\compiler;C:\Windows\system32;C:\Windows;C:\Windows\System32\Wbem;C:\Windows\System32\WindowsPowerShell\v1.0\;C:\Windows\System32\OpenSSH\;C:\Program Files\Git\cmd;C:\Program Files\nodejs\;D:\ffmpeg\bin;C:\Users\Administrator\AppData\Local\Programs\Python\Python310\Scripts\;C:\Users\Administrator\AppData\Local\Programs\Python\Python310\;C:\Users\Administrator\AppData\Local\Microsoft\WindowsApps;C:\Users\Administrator\AppData\Local\Programs\Microsoft VS Code\bin;C:\Users\Administrator\AppData\Roaming\npm;C:\Users\Administrator\AppData\Local\gitkraken\bin;C:\Users\Administrator\AppData\Local\Programs\Hyper\resources\bin

Yarn version: 
  1.22.11

Node version: 
  14.17.4

Platform: 
  win32 x64

Trace: 
  Error: subtitle-parser:: Invalid URI "subtitle-parser:/"
      at Request.module.exports.Request.init (C:\Users\Administrator\AppData\Roaming\npm\node_modules\yarn\lib\cli.js:140851:31)
      at new Request (C:\Users\Administrator\AppData\Roaming\npm\node_modules\yarn\lib\cli.js:140705:8)
      at request (C:\Users\Administrator\AppData\Roaming\npm\node_modules\yarn\lib\cli.js:137611:10)
      at RequestManager.execute (C:\Users\Administrator\AppData\Roaming\npm\node_modules\yarn\lib\cli.js:67044:15)
      at RequestManager.shiftQueue (C:\Users\Administrator\AppData\Roaming\npm\node_modules\yarn\lib\cli.js:67082:10)
      at C:\Users\Administrator\AppData\Roaming\npm\node_modules\yarn\lib\cli.js:66751:13
      at new Promise (<anonymous>)
      at new F (C:\Users\Administrator\AppData\Roaming\npm\node_modules\yarn\lib\cli.js:5301:28)
      at RequestManager.request (C:\Users\Administrator\AppData\Roaming\npm\node_modules\yarn\lib\cli.js:66749:19)
      at NpmRegistry.<anonymous> (C:\Users\Administrator\AppData\Roaming\npm\node_modules\yarn\lib\cli.js:31708:42)

npm manifest: 
  {
    "name": "automation-premiere",
    "version": "1.0.0",
    "description": "",
    "main": "index.js",
    "dependencies": {
      "base-64": "^1.0.0",
      "fast-xml-parser": "^3.20.3",
      "immutability-helper": "^3.1.1",
      "object-path": "^0.11.8",
      "utf8": "^3.0.0",
      "xml-js": "^1.6.11"
    },
    "devDependencies": {},
    "scripts": {
      "test": "echo \"Error: no test specified\" && exit 1"
    },
    "author": "",
    "license": "ISC"
  }

yarn manifest: 
  No manifest

Lockfile: 
  # THIS IS AN AUTOGENERATED FILE. DO NOT EDIT THIS FILE DIRECTLY.
  # yarn lockfile v1
  
  
  base-64@^1.0.0:
    version "1.0.0"
    resolved "https://registry.yarnpkg.com/base-64/-/base-64-1.0.0.tgz#09d0f2084e32a3fd08c2475b973788eee6ae8f4a"
    integrity sha512-kwDPIFCGx0NZHog36dj+tHiwP4QMzsZ3AgMViUBKI0+V5n4U0ufTCUMhnQ04diaRI8EX/QcPfql7zlhZ7j4zgg==
  
  fast-xml-parser@^3.20.3:
    version "3.20.3"
    resolved "https://registry.yarnpkg.com/fast-xml-parser/-/fast-xml-parser-3.20.3.tgz#c171425356d4d929efeca4e4f67f24231a31c786"
    integrity sha512-FfHJ/QCpo4K2gquBX7dIAcmShSBG4dMtYJ3ghSiR4w7YqlUujuamrM57C+mKLNWS3mvZzmm2B2Qx8Q6Gfw+lDQ==
    dependencies:
      strnum "^1.0.4"
  
  immutability-helper@^3.1.1:
    version "3.1.1"
    resolved "https://registry.yarnpkg.com/immutability-helper/-/immutability-helper-3.1.1.tgz#2b86b2286ed3b1241c9e23b7b21e0444f52f77b7"
    integrity sha512-Q0QaXjPjwIju/28TsugCHNEASwoCcJSyJV3uO1sOIQGI0jKgm9f41Lvz0DZj3n46cNCyAZTsEYoY4C2bVRUzyQ==
  
  object-path@^0.11.8:
    version "0.11.8"
    resolved "https://registry.yarnpkg.com/object-path/-/object-path-0.11.8.tgz#ed002c02bbdd0070b78a27455e8ae01fc14d4742"
    integrity sha512-YJjNZrlXJFM42wTBn6zgOJVar9KFJvzx6sTWDte8sWZF//cnjl0BxHNpfZx+ZffXX63A9q0b1zsFiBX4g4X5KA==
  
  sax@^1.2.4:
    version "1.2.4"
    resolved "https://registry.yarnpkg.com/sax/-/sax-1.2.4.tgz#2816234e2378bddc4e5354fab5caa895df7100d9"
    integrity sha512-NqVDv9TpANUjFm0N8uM5GxL36UgKi9/atZw+x7YFnQ8ckwFGKrl4xX4yWtrey3UJm5nP1kUbnYgLopqWNSRhWw==
  
  strnum@^1.0.4:
    version "1.0.4"
    resolved "https://registry.yarnpkg.com/strnum/-/strnum-1.0.4.tgz#e97e36a7d6ba9f93d0d6b496b2ed0678d422832b"
    integrity sha512-lMzNMfDpaQOLt4B2mEbfzYS0+T7dvCXeojnlGf6f1AygvWDMcWyXYaLbyICfjVu29sErR8fnRagQfBW/N/hGgw==
  
  subtitle-parser@^2.0.3:
    version "2.0.3"
    resolved "https://registry.yarnpkg.com/subtitle-parser/-/subtitle-parser-2.0.3.tgz#730ae74bf7a705a0a710484530482bbd65871b50"
    integrity sha512-cVlCg3f0TJeR0hrfSn8cn4m0s8ODPNWcwwkVsBVMhtDXpkKvmYRaECaaHBQHieANdJCy2AsWawjqhcdP/K4TZQ==
  
  utf8@^3.0.0:
    version "3.0.0"
    resolved "https://registry.yarnpkg.com/utf8/-/utf8-3.0.0.tgz#f052eed1364d696e769ef058b183df88c87f69d1"
    integrity sha512-E8VjFIQ/TyQgp+TZfS6l8yp/xWppSAHzidGiRrqe4bK4XP9pTRyKFgGJpO3SN7zdX4DeomTrwaseCHovfpFcqQ==
  
  xml-js@^1.6.11:
    version "1.6.11"
    resolved "https://registry.yarnpkg.com/xml-js/-/xml-js-1.6.11.tgz#927d2f6947f7f1c19a316dd8eea3614e8b18f8e9"
    integrity sha512-7rVi2KMfwfWFl+GpPg6m80IVMWXLRjO+PxTq7V2CDhoGak0wzYzFgUY2m4XJ47OGdXd8eLE8EmwfAmdjw7lC1g==
    dependencies:
      sax "^1.2.4"
